Arguments: 
  C:\Program Files\nodejs\node.exe C:\Users\aidan\AppData\Roaming\npm\node_modules\yarn\bin\yarn.js start

PATH: 
  C:\Program Files\Git\mingw64\bin;C:\Program Files\Git\usr\bin;C:\Users\aidan\bin;C:\Program Files (x86)\Intel\iCLS Client;C:\Program Files\Intel\iCLS Client;C:\Windows\system32;C:\Windows;C:\Windows\System32\Wbem;C:\Windows\System32\WindowsPowerShell\v1.0;C:\Program Files (x86)\NVIDIA Corporation\PhysX\Common;C:\Program Files (x86)\Intel\Intel(R) Management Engine Components\DAL;C:\Program Files\Intel\Intel(R) Management Engine Components\DAL;C:\Program Files (x86)\Intel\Intel(R) Management Engine Components\IPT;C:\Program Files\Intel\Intel(R) Management Engine Components\IPT;C:\WINDOWS\system32;C:\WINDOWS;C:\WINDOWS\System32\Wbem;C:\WINDOWS\System32\WindowsPowerShell\v1.0;C:\Program Files\nodejs;C:\Program Files\MongoDB\Server\3.6\bin;C:\Program Files\Git\cmd;C:\xampp\php;C:\Users\aidan\AppData\Local\Microsoft\WindowsApps;C:\Program Files\Heroku\bin;C:\Program Files\Microsoft VS Code\bin;C:\Users\aidan\AppData\Local\learn_ide_3\bin;C:\Users\aidan\AppData\Local\Microsoft\WindowsApps;C:\Users\aidan\AppData\Roaming\npm

Yarn version: 
  1.5.1

Node version: 
  8.9.4

Platform: 
  win32 x64

npm manifest: 
  {
    "name": "mern",
    "version": "1.0.0",
    "description": "",
    "main": "server.js",
    "scripts": {
      "server": "node server.js",
      "client": "node scripts/start-client.js",
      "start": "concurrently \"nodemon server.js\" \"npm run client\"",
      "build": "node scripts/build.js",
      "seed": "node scripts/seedDB.js",
      "test": "echo \"Error: no test specified\" && exit 1",
      "installDeps": "yarn && cd client && yarn"
    },
    "author": "",
    "license": "ISC",
    "devDependencies": {
      "concurrently": "^3.5.0",
      "nodemon": "^1.11.0"
    },
    "dependencies": {
      "axios": "^0.16.2",
      "body-parser": "^1.17.2",
      "express": "^4.15.4",
      "mongoose": "^5.0.11"
    }
  }

yarn manifest: 
  No manifest

Lockfile: 
  No lockfile

Trace: 
  Error: Command failed.
  Exit code: 1
  Command: C:\WINDOWS\system32\cmd.exe
  Arguments: /d /s /c concurrently "nodemon server.js" "npm run client"
  Directory: C:\Users\aidan\Desktop\class\finalProject\greenTableFarm
  Output:
  
      at ProcessTermError.MessageError (C:\Users\aidan\AppData\Roaming\npm\node_modules\yarn\lib\cli.js:186:110)
      at new ProcessTermError (C:\Users\aidan\AppData\Roaming\npm\node_modules\yarn\lib\cli.js:226:113)
      at ChildProcess.<anonymous> (C:\Users\aidan\AppData\Roaming\npm\node_modules\yarn\lib\cli.js:30281:17)
      at emitTwo (events.js:126:13)
      at ChildProcess.emit (events.js:214:7)
      at maybeClose (internal/child_process.js:925:16)
      at Process.ChildProcess._handle.onexit (internal/child_process.js:209:5)
